<?xml version="1.0" encoding="UTF-8"?>
<!-- Generated by org.testng.reporters.JUnitReportReporter -->
<testsuite hostname="DESKTOP-RVD74DK" failures="0" tests="1" name="com.fa.clp.testcases.InvalidCredentialsClp" time="32.355" errors="0" timestamp="2023-12-27T15:31:31 IST" skipped="0">
  <testcase classname="com.fa.clp.testcases.InvalidCredentialsClp" name="invalidCredentials" time="32.355"/>
  <system-out/>
</testsuite> <!-- com.fa.clp.testcases.InvalidCredentialsClp -->
