<?xml version="1.0" encoding="UTF-8"?>
<!-- Generated by org.testng.reporters.JUnitReportReporter -->
<testsuite hostname="DESKTOP-RVD74DK" failures="0" tests="1" name="com.fa.clp.testcases.InwardIdGeneration" time="79.624" errors="0" timestamp="2023-06-07T16:25:55 IST" skipped="0">
  <testcase classname="com.fa.clp.testcases.InwardIdGeneration" name="Inward" time="79.624"/>
  <system-out/>
</testsuite> <!-- com.fa.clp.testcases.InwardIdGeneration -->
