<?xml version="1.0" encoding="UTF-8"?>
<!-- Generated by org.testng.reporters.JUnitReportReporter -->
<testsuite hostname="DESKTOP-RVD74DK" failures="0" tests="1" name="com.fa.clp.testcomponents.BaseTest" time="281.388" errors="0" timestamp="2023-07-06T16:26:22 IST" skipped="0">
  <testcase classname="com.fa.clp.testcomponents.BaseTest" name="emailAttachment" time="281.388"/>
  <system-out/>
</testsuite> <!-- com.fa.clp.testcomponents.BaseTest -->
