<?xml version="1.0" encoding="UTF-8"?>
<!-- Generated by org.testng.reporters.JUnitReportReporter -->
<testsuite hostname="DESKTOP-RVD74DK" failures="0" tests="1" name="com.fa.clp.testcomponents.Listeners" time="6.848" errors="0" timestamp="2023-07-10T12:12:51 IST" skipped="0">
  <testcase classname="com.fa.clp.testcomponents.Listeners" name="emailAttachment" time="6.848"/>
  <system-out/>
</testsuite> <!-- com.fa.clp.testcomponents.Listeners -->
