<?xml version="1.0" encoding="UTF-8"?>
<!-- Generated by org.testng.reporters.JUnitReportReporter -->
<testsuite hostname="DESKTOP-RVD74DK" failures="0" tests="1" name="com.fa.clp.testcases.EmptyLogin" time="21.465" errors="0" timestamp="2023-08-16T17:11:11 IST" skipped="0">
  <testcase classname="com.fa.clp.testcases.EmptyLogin" name="emptyCredentials" time="21.465"/>
  <system-out/>
</testsuite> <!-- com.fa.clp.testcases.EmptyLogin -->
