<?xml version="1.0" encoding="UTF-8"?>
<!-- Generated by org.testng.reporters.JUnitReportReporter -->
<testsuite hostname="DESKTOP-RVD74DK" failures="0" tests="1" name="com.fa.clp.testcases.InvalidUsername" time="29.508" errors="0" timestamp="2023-08-16T17:11:11 IST" skipped="0">
  <testcase classname="com.fa.clp.testcases.InvalidUsername" name="invalidUsername" time="29.508"/>
  <system-out/>
</testsuite> <!-- com.fa.clp.testcases.InvalidUsername -->
